<?xml version="1.0" encoding="UTF-8" ?>
<testsuite failures="0" time="0.007" errors="0" skipped="0" tests="1" name="com.imediava.asistentesm2.domain.JugadorTest">
  <properties>
    <property name="java.runtime.name" value="OpenJDK Runtime Environment"/>
    <property name="sun.boot.library.path" value="/usr/lib/jvm/java-6-openjdk/jre/lib/i386"/>
    <property name="java.vm.version" value="16.0-b13"/>
    <property name="java.vm.vendor" value="Sun Microsystems Inc."/>
    <property name="java.vendor.url" value="http://java.sun.com/"/>
    <property name="path.separator" value=":"/>
    <property name="java.vm.name" value="OpenJDK Server VM"/>
    <property name="file.encoding.pkg" value="sun.io"/>
    <property name="user.country" value="ES"/>
    <property name="sun.java.launcher" value="SUN_STANDARD"/>
    <property name="sun.os.patch.level" value="unknown"/>
    <property name="java.vm.specification.name" value="Java Virtual Machine Specification"/>
    <property name="user.dir" value="/home/imediava/Programas-StandAlone/eclipse-jee-helios-24-8-2010/workspace/asistentesm2"/>
    <property name="java.runtime.version" value="1.6.0_18-b18"/>
    <property name="java.awt.graphicsenv" value="sun.awt.X11GraphicsEnvironment"/>
    <property name="basedir" value="/home/imediava/Programas-StandAlone/eclipse-jee-helios-24-8-2010/workspace/asistentesm2"/>
    <property name="java.endorsed.dirs" value="/usr/lib/jvm/java-6-openjdk/jre/lib/endorsed"/>
    <property name="os.arch" value="i386"/>
    <property name="surefire.real.class.path" value="/tmp/surefirebooter9007912154488792049.jar"/>
    <property name="java.io.tmpdir" value="/tmp"/>
    <property name="line.separator" value="
"/>
    <property name="java.vm.specification.vendor" value="Sun Microsystems Inc."/>
    <property name="os.name" value="Linux"/>
    <property name="sun.jnu.encoding" value="UTF-8"/>
    <property name="java.library.path" value="/usr/lib/jvm/java-6-openjdk/jre/lib/i386/server:/usr/lib/jvm/java-6-openjdk/jre/lib/i386:/usr/lib/jvm/java-6-openjdk/jre/../lib/i386:/usr/java/packages/lib/i386:/usr/lib/jni:/lib:/usr/lib"/>
    <property name="surefire.test.class.path" value="/home/imediava/Programas-StandAlone/eclipse-jee-helios-24-8-2010/workspace/asistentesm2/target/test-classes:/home/imediava/Programas-StandAlone/eclipse-jee-helios-24-8-2010/workspace/asistentesm2/target/generated-classes/cobertura:/home/imediava/.m2/repository/com/vaadin/vaadin/6.4.0/vaadin-6.4.0.jar:/home/imediava/.m2/repository/org/apache/maven/surefire/surefire-junit4/2.5/surefire-junit4-2.5.jar:/home/imediava/.m2/repository/junit/junit/4.0/junit-4.0.jar:/home/imediava/.m2/repository/org/apache/maven/surefire/surefire-api/2.5/surefire-api-2.5.jar:/home/imediava/.m2/repository/com/google/guava/guava/r06/guava-r06.jar:/home/imediava/.m2/repository/net/sourceforge/cobertura/cobertura/1.9.4.1/cobertura-1.9.4.1.jar:/home/imediava/.m2/repository/org/apache/ant/ant/1.7.0/ant-1.7.0.jar:/home/imediava/.m2/repository/org/apache/ant/ant-launcher/1.7.0/ant-launcher-1.7.0.jar:"/>
    <property name="java.specification.name" value="Java Platform API Specification"/>
    <property name="java.class.version" value="50.0"/>
    <property name="sun.management.compiler" value="HotSpot Tiered Compilers"/>
    <property name="os.version" value="2.6.32-24-generic"/>
    <property name="user.home" value="/home/imediava"/>
    <property name="user.timezone" value=""/>
    <property name="java.awt.printerjob" value="sun.print.PSPrinterJob"/>
    <property name="file.encoding" value="UTF-8"/>
    <property name="java.specification.version" value="1.6"/>
    <property name="user.name" value="imediava"/>
    <property name="java.class.path" value="/home/imediava/Programas-StandAlone/eclipse-jee-helios-24-8-2010/workspace/asistentesm2/target/test-classes:/home/imediava/Programas-StandAlone/eclipse-jee-helios-24-8-2010/workspace/asistentesm2/target/generated-classes/cobertura:/home/imediava/.m2/repository/com/vaadin/vaadin/6.4.0/vaadin-6.4.0.jar:/home/imediava/.m2/repository/org/apache/maven/surefire/surefire-junit4/2.5/surefire-junit4-2.5.jar:/home/imediava/.m2/repository/junit/junit/4.0/junit-4.0.jar:/home/imediava/.m2/repository/org/apache/maven/surefire/surefire-api/2.5/surefire-api-2.5.jar:/home/imediava/.m2/repository/com/google/guava/guava/r06/guava-r06.jar:/home/imediava/.m2/repository/net/sourceforge/cobertura/cobertura/1.9.4.1/cobertura-1.9.4.1.jar:/home/imediava/.m2/repository/org/apache/ant/ant/1.7.0/ant-1.7.0.jar:/home/imediava/.m2/repository/org/apache/ant/ant-launcher/1.7.0/ant-launcher-1.7.0.jar:"/>
    <property name="java.vm.specification.version" value="1.0"/>
    <property name="sun.arch.data.model" value="32"/>
    <property name="java.home" value="/usr/lib/jvm/java-6-openjdk/jre"/>
    <property name="java.specification.vendor" value="Sun Microsystems Inc."/>
    <property name="user.language" value="es"/>
    <property name="java.vm.info" value="mixed mode"/>
    <property name="java.version" value="1.6.0_18"/>
    <property name="java.ext.dirs" value="/usr/lib/jvm/java-6-openjdk/jre/lib/ext:/usr/java/packages/lib/ext"/>
    <property name="sun.boot.class.path" value="/usr/lib/jvm/java-6-openjdk/jre/lib/resources.jar:/usr/lib/jvm/java-6-openjdk/jre/lib/rt.jar:/usr/lib/jvm/java-6-openjdk/jre/lib/sunrsasign.jar:/usr/lib/jvm/java-6-openjdk/jre/lib/jsse.jar:/usr/lib/jvm/java-6-openjdk/jre/lib/jce.jar:/usr/lib/jvm/java-6-openjdk/jre/lib/charsets.jar:/usr/lib/jvm/java-6-openjdk/jre/lib/rhino.jar:/usr/lib/jvm/java-6-openjdk/jre/classes"/>
    <property name="java.vendor" value="Sun Microsystems Inc."/>
    <property name="localRepository" value="/home/imediava/.m2/repository"/>
    <property name="file.separator" value="/"/>
    <property name="java.vendor.url.bug" value="http://java.sun.com/cgi-bin/bugreport.cgi"/>
    <property name="sun.cpu.endian" value="little"/>
    <property name="sun.io.unicode.encoding" value="UnicodeLittle"/>
    <property name="sun.desktop" value="gnome"/>
    <property name="sun.cpu.isalist" value=""/>
  </properties>
  <testcase time="0.001" classname="com.imediava.asistentesm2.domain.JugadorTest" name="testGetPaginaWebJugadorEnWebACB"/>
</testsuite>